C51 COMPILER V9.60.7.0   CRC                                                               11/08/2024 16:15:52 PAGE 1   


C51 COMPILER V9.60.7.0, COMPILATION OF MODULE CRC
OBJECT MODULE PLACED IN crc.OBJ
COMPILER INVOKED BY: D:\APP\Keil_v5\C51\BIN\C51.EXE crc.c LARGE OPTIMIZE(8,SPEED) BROWSE INCDIR(..\..\INC;..\温控程序-三
                    -路温控-modebus) DEBUG OBJECTEXTEND

line level    source

   1          #include "crc.h"
   2          
   3          /* 高位字节 CRC ? */
   4          static unsigned char code auchCRCHi[] = {
   5          0x00, 0xC1, 0x81, 0x40, 0x01, 0xC0, 0x80, 0x41, 0x01, 0xC0, 0x80, 0x41,
   6          0x00, 0xC1, 0x81,
   7          0x40, 0x01, 0xC0, 0x80, 0x41, 0x00, 0xC1, 0x81, 0x40, 0x00, 0xC1, 0x81,
   8          0x40, 0x01, 0xC0,
   9          0x80, 0x41, 0x01, 0xC0, 0x80, 0x41, 0x00, 0xC1, 0x81, 0x40, 0x00, 0xC1,
  10          0x81, 0x40, 0x01,
  11          0xC0, 0x80, 0x41, 0x00, 0xC1, 0x81, 0x40, 0x01, 0xC0, 0x80, 0x41, 0x01,
  12          0xC0, 0x80, 0x41,
  13          0x00, 0xC1, 0x81, 0x40, 0x01, 0xC0, 0x80, 0x41, 0x00, 0xC1, 0x81, 0x40,
  14          0x00, 0xC1, 0x81,
  15          0x40, 0x01, 0xC0, 0x80, 0x41, 0x00, 0xC1, 0x81, 0x40, 0x01, 0xC0, 0x80,
  16          0x41, 0x01, 0xC0,
  17          0x80, 0x41, 0x00, 0xC1, 0x81, 0x40, 0x00, 0xC1, 0x81, 0x40, 0x01, 0xC0,
  18          0x80, 0x41, 0x01,
  19          0xC0, 0x80, 0x41, 0x00, 0xC1, 0x81, 0x40, 0x01, 0xC0, 0x80, 0x41, 0x00,
  20          0xC1, 0x81, 0x40,
  21          0x00, 0xC1, 0x81, 0x40, 0x01, 0xC0, 0x80, 0x41, 0x01, 0xC0, 0x80, 0x41,
  22          0x00, 0xC1, 0x81,
  23          0x40, 0x00, 0xC1, 0x81, 0x40, 0x01, 0xC0, 0x80, 0x41, 0x00, 0xC1, 0x81,
  24          0x40, 0x01, 0xC0,
  25          0x80, 0x41, 0x01, 0xC0, 0x80, 0x41, 0x00, 0xC1, 0x81, 0x40, 0x00, 0xC1,
  26          0x81, 0x40, 0x01,
  27          0xC0, 0x80, 0x41, 0x01, 0xC0, 0x80, 0x41, 0x00, 0xC1, 0x81, 0x40, 0x01,
  28          0xC0, 0x80, 0x41,
  29          0x00, 0xC1, 0x81, 0x40, 0x00, 0xC1, 0x81, 0x40, 0x01, 0xC0, 0x80, 0x41,
  30          0x00, 0xC1, 0x81,
  31          0x40, 0x01, 0xC0, 0x80, 0x41, 0x01, 0xC0, 0x80, 0x41, 0x00, 0xC1, 0x81,
  32          0x40, 0x01, 0xC0,
  33          0x80, 0x41, 0x00, 0xC1, 0x81, 0x40, 0x00, 0xC1, 0x81, 0x40, 0x01, 0xC0,
  34          0x80, 0x41, 0x01,
  35          0xC0, 0x80, 0x41, 0x00, 0xC1, 0x81, 0x40, 0x00, 0xC1, 0x81, 0x40, 0x01,
  36          0xC0, 0x80, 0x41,
  37          0x00, 0xC1, 0x81, 0x40, 0x01, 0xC0, 0x80, 0x41, 0x01, 0xC0, 0x80, 0x41,
  38          0x00, 0xC1, 0x81,
  39          0x40
  40          };
  41          
  42          /* 低位字节 CRC  */
  43          static unsigned char code auchCRCLo[] = {
  44          0x00, 0xC0, 0xC1, 0x01, 0xC3, 0x03, 0x02, 0xC2, 0xC6, 0x06, 0x07, 0xC7,
  45          0x05, 0xC5, 0xC4,
  46          0x04, 0xCC, 0x0C, 0x0D, 0xCD, 0x0F, 0xCF, 0xCE, 0x0E, 0x0A, 0xCA, 0xCB,
  47          0x0B, 0xC9, 0x09,
  48          0x08, 0xC8, 0xD8, 0x18, 0x19, 0xD9, 0x1B, 0xDB, 0xDA, 0x1A, 0x1E, 0xDE,
  49          0xDF, 0x1F, 0xDD,
  50          0x1D, 0x1C, 0xDC, 0x14, 0xD4, 0xD5, 0x15, 0xD7, 0x17, 0x16, 0xD6, 0xD2,
  51          0x12, 0x13, 0xD3,
  52          0x11, 0xD1, 0xD0, 0x10, 0xF0, 0x30, 0x31, 0xF1, 0x33, 0xF3, 0xF2, 0x32,
  53          0x36, 0xF6, 0xF7,
  54          0x37, 0xF5, 0x35, 0x34, 0xF4, 0x3C, 0xFC, 0xFD, 0x3D, 0xFF, 0x3F, 0x3E,
C51 COMPILER V9.60.7.0   CRC                                                               11/08/2024 16:15:52 PAGE 2   

  55          0xFE, 0xFA, 0x3A,
  56          0x3B, 0xFB, 0x39, 0xF9, 0xF8, 0x38, 0x28, 0xE8, 0xE9, 0x29, 0xEB, 0x2B,
  57          0x2A, 0xEA, 0xEE,
  58          0x2E, 0x2F, 0xEF, 0x2D, 0xED, 0xEC, 0x2C, 0xE4, 0x24, 0x25, 0xE5, 0x27,
  59          0xE7, 0xE6, 0x26,
  60          0x22, 0xE2, 0xE3, 0x23, 0xE1, 0x21, 0x20, 0xE0, 0xA0, 0x60, 0x61, 0xA1,
  61          0x63, 0xA3, 0xA2,
  62          0x62, 0x66, 0xA6, 0xA7, 0x67, 0xA5, 0x65, 0x64, 0xA4, 0x6C, 0xAC, 0xAD,
  63          0x6D, 0xAF, 0x6F,
  64          0x6E, 0xAE, 0xAA, 0x6A, 0x6B, 0xAB, 0x69, 0xA9, 0xA8, 0x68, 0x78, 0xB8,
  65          0xB9, 0x79, 0xBB,
  66          0x7B, 0x7A, 0xBA, 0xBE, 0x7E, 0x7F, 0xBF, 0x7D, 0xBD, 0xBC, 0x7C, 0xB4,
  67          0x74, 0x75, 0xB5,
  68          0x77, 0xB7, 0xB6, 0x76, 0x72, 0xB2, 0xB3, 0x73, 0xB1, 0x71, 0x70, 0xB0,
  69          0x50, 0x90, 0x91,
  70          0x51, 0x93, 0x53, 0x52, 0x92, 0x96, 0x56, 0x57, 0x97, 0x55, 0x95, 0x94,
  71          0x54, 0x9C, 0x5C,
  72          0x5D, 0x9D, 0x5F, 0x9F, 0x9E, 0x5E, 0x5A, 0x9A, 0x9B, 0x5B, 0x99, 0x59,
  73          0x58, 0x98, 0x88,
  74          0x48, 0x49, 0x89, 0x4B, 0x8B, 0x8A, 0x4A, 0x4E, 0x8E, 0x8F, 0x4F, 0x8D,
  75          0x4D, 0x4C, 0x8C,
  76          0x44, 0x84, 0x85, 0x45, 0x87, 0x47, 0x46, 0x86, 0x82, 0x42, 0x43, 0x83,
  77          0x41, 0x81, 0x80,
  78          0x40
  79          };
  80          
  81          unsigned short crc16(unsigned char *msg, unsigned short DataLen)
  82          {
  83   1              unsigned short usTemp = 0;
  84   1              unsigned char uchCRCHi = 0xFF; /* CRC 高字节初始化 */
  85   1        unsigned char uchCRCLo = 0xFF; /* CRC 低字节初始化 */
  86   1        unsigned uIndex ; /* CRC 查询表索引 */
  87   1        while (DataLen--) { /* 开始处理 */
  88   2          uIndex = uchCRCLo ^ *msg++; /* 计算 CRC */
  89   2          uchCRCLo = uchCRCHi ^ auchCRCHi[uIndex];
  90   2          uchCRCHi = auchCRCLo[uIndex] ;
  91   2        }
  92   1              usTemp = uchCRCHi << 8;
  93   1              usTemp += uchCRCLo;
  94   1        //return (uchCRCHi << 8 | uchCRCLo) ;
  95   1              return usTemp;
  96   1      }


MODULE INFORMATION:   STATIC OVERLAYABLE
   CODE SIZE        =    115    ----
   CONSTANT SIZE    =    512    ----
   XDATA SIZE       =   ----       7
   PDATA SIZE       =   ----    ----
   DATA SIZE        =   ----    ----
   IDATA SIZE       =   ----    ----
   BIT SIZE         =   ----    ----
END OF MODULE INFORMATION.


C51 COMPILATION COMPLETE.  0 WARNING(S),  0 ERROR(S)
